This file contains any messages produced by compilers while
running configure, to aid debugging if configure makes a mistake.

It was created by kmad configure 1.06.04, which was
generated by GNU Autoconf 2.69.  Invocation command line was

  $ ./configure --no-create --no-recursion

## --------- ##
## Platform. ##
## --------- ##

hostname = fatguy
uname -m = x86_64
uname -r = 3.8.13-100.fc17.x86_64
uname -s = Linux
uname -v = #1 SMP Mon May 13 13:36:17 UTC 2013

/usr/bin/uname -p = x86_64
/bin/uname -X     = unknown

/bin/arch              = x86_64
/usr/bin/arch -k       = unknown
/usr/convex/getsysinfo = unknown
/usr/bin/hostinfo      = unknown
/bin/machine           = unknown
/usr/bin/oslevel       = unknown
/bin/universe          = unknown

PATH: /home/joanna/perl5/bin
PATH: /usr/lib64/ccache
PATH: /usr/local/bin
PATH: /usr/bin
PATH: /home/joanna/bin
PATH: /usr/local/sbin
PATH: /usr/sbin


## ----------- ##
## Core tests. ##
## ----------- ##

configure:2475: checking for a BSD-compatible install
configure:2543: result: /usr/bin/install -c
configure:2554: checking whether build environment is sane
configure:2609: result: yes
configure:2760: checking for a thread-safe mkdir -p
configure:2799: result: /usr/bin/mkdir -p
configure:2806: checking for gawk
configure:2822: found /usr/bin/gawk
configure:2833: result: gawk
configure:2844: checking whether make sets $(MAKE)
configure:2866: result: yes
configure:3237: checking for g++
configure:3253: found /usr/lib64/ccache/g++
configure:3264: result: g++
configure:3291: checking for C++ compiler version
configure:3300: g++ --version >&5
g++ (GCC) 4.7.2 20121109 (Red Hat 4.7.2-8)
Copyright (C) 2012 Free Software Foundation, Inc.
This is free software; see the source for copying conditions.  There is NO
warranty; not even for MERCHANTABILITY or FITNESS FOR A PARTICULAR PURPOSE.

configure:3311: $? = 0
configure:3300: g++ -v >&5
Using built-in specs.
COLLECT_GCC=/usr/bin/g++
COLLECT_LTO_WRAPPER=/usr/libexec/gcc/x86_64-redhat-linux/4.7.2/lto-wrapper
Target: x86_64-redhat-linux
Configured with: ../configure --prefix=/usr --mandir=/usr/share/man --infodir=/usr/share/info --with-bugurl=http://bugzilla.redhat.com/bugzilla --enable-bootstrap --enable-shared --enable-threads=posix --enable-checking=release --disable-build-with-cxx --disable-build-poststage1-with-cxx --with-system-zlib --enable-__cxa_atexit --disable-libunwind-exceptions --enable-gnu-unique-object --enable-linker-build-id --with-linker-hash-style=gnu --enable-languages=c,c++,objc,obj-c++,java,fortran,ada,go,lto --enable-plugin --enable-initfini-array --enable-java-awt=gtk --disable-dssi --with-java-home=/usr/lib/jvm/java-1.5.0-gcj-1.5.0.0/jre --enable-libgcj-multifile --enable-java-maintainer-mode --with-ecj-jar=/usr/share/java/eclipse-ecj.jar --disable-libjava-multilib --with-ppl --with-cloog --with-tune=generic --with-arch_32=i686 --build=x86_64-redhat-linux
Thread model: posix
gcc version 4.7.2 20121109 (Red Hat 4.7.2-8) (GCC) 
configure:3311: $? = 0
configure:3300: g++ -V >&5
g++: error: unrecognized command line option '-V'
g++: fatal error: no input files
compilation terminated.
configure:3311: $? = 4
configure:3300: g++ -qversion >&5
g++: error: unrecognized command line option '-qversion'
g++: fatal error: no input files
compilation terminated.
configure:3311: $? = 4
configure:3331: checking whether the C++ compiler works
configure:3353: g++    conftest.cpp  >&5
configure:3357: $? = 0
configure:3405: result: yes
configure:3408: checking for C++ compiler default output file name
configure:3410: result: a.out
configure:3416: checking for suffix of executables
configure:3423: g++ -o conftest    conftest.cpp  >&5
configure:3427: $? = 0
configure:3449: result: 
configure:3471: checking whether we are cross compiling
configure:3479: g++ -o conftest    conftest.cpp  >&5
configure:3483: $? = 0
configure:3490: ./conftest
configure:3494: $? = 0
configure:3509: result: no
configure:3514: checking for suffix of object files
configure:3536: g++ -c   conftest.cpp >&5
configure:3540: $? = 0
configure:3561: result: o
configure:3565: checking whether we are using the GNU C++ compiler
configure:3584: g++ -c   conftest.cpp >&5
configure:3584: $? = 0
configure:3593: result: yes
configure:3602: checking whether g++ accepts -g
configure:3622: g++ -c -g  conftest.cpp >&5
configure:3622: $? = 0
configure:3663: result: yes
configure:3697: checking for style of include used by make
configure:3725: result: GNU
configure:3751: checking dependency style of g++
configure:3862: result: gcc3
configure:3925: checking for gcc
configure:3941: found /usr/lib64/ccache/gcc
configure:3952: result: gcc
configure:4181: checking for C compiler version
configure:4190: gcc --version >&5
gcc (GCC) 4.7.2 20121109 (Red Hat 4.7.2-8)
Copyright (C) 2012 Free Software Foundation, Inc.
This is free software; see the source for copying conditions.  There is NO
warranty; not even for MERCHANTABILITY or FITNESS FOR A PARTICULAR PURPOSE.

configure:4201: $? = 0
configure:4190: gcc -v >&5
Using built-in specs.
COLLECT_GCC=/usr/bin/gcc
COLLECT_LTO_WRAPPER=/usr/libexec/gcc/x86_64-redhat-linux/4.7.2/lto-wrapper
Target: x86_64-redhat-linux
Configured with: ../configure --prefix=/usr --mandir=/usr/share/man --infodir=/usr/share/info --with-bugurl=http://bugzilla.redhat.com/bugzilla --enable-bootstrap --enable-shared --enable-threads=posix --enable-checking=release --disable-build-with-cxx --disable-build-poststage1-with-cxx --with-system-zlib --enable-__cxa_atexit --disable-libunwind-exceptions --enable-gnu-unique-object --enable-linker-build-id --with-linker-hash-style=gnu --enable-languages=c,c++,objc,obj-c++,java,fortran,ada,go,lto --enable-plugin --enable-initfini-array --enable-java-awt=gtk --disable-dssi --with-java-home=/usr/lib/jvm/java-1.5.0-gcj-1.5.0.0/jre --enable-libgcj-multifile --enable-java-maintainer-mode --with-ecj-jar=/usr/share/java/eclipse-ecj.jar --disable-libjava-multilib --with-ppl --with-cloog --with-tune=generic --with-arch_32=i686 --build=x86_64-redhat-linux
Thread model: posix
gcc version 4.7.2 20121109 (Red Hat 4.7.2-8) (GCC) 
configure:4201: $? = 0
configure:4190: gcc -V >&5
gcc: error: unrecognized command line option '-V'
gcc: fatal error: no input files
compilation terminated.
configure:4201: $? = 4
configure:4190: gcc -qversion >&5
gcc: error: unrecognized command line option '-qversion'
gcc: fatal error: no input files
compilation terminated.
configure:4201: $? = 4
configure:4205: checking whether we are using the GNU C compiler
configure:4224: gcc -c   conftest.c >&5
configure:4224: $? = 0
configure:4233: result: yes
configure:4242: checking whether gcc accepts -g
configure:4262: gcc -c -g  conftest.c >&5
configure:4262: $? = 0
configure:4303: result: yes
configure:4320: checking for gcc option to accept ISO C89
configure:4383: gcc  -c -g -O2  conftest.c >&5
configure:4383: $? = 0
configure:4396: result: none needed
configure:4418: checking dependency style of gcc
configure:4529: result: gcc3
configure:4549: checking for cppcheck
configure:4565: found /usr/bin/cppcheck
configure:4576: result: cppcheck
configure:4597: checking build system type
configure:4611: result: x86_64-unknown-linux-gnu
configure:4631: checking host system type
configure:4644: result: x86_64-unknown-linux-gnu
configure:4713: checking for boostlib >= 1.20.0
configure:4793: g++ -c -g -O2  -I/usr/include conftest.cpp >&5
configure:4793: $? = 0
configure:4795: result: yes
configure:4978: checking whether the Boost::Filesystem library is available
configure:5002: g++ -c -g -O2  -I/usr/include conftest.cpp >&5
configure:5002: $? = 0
configure:5016: result: yes
configure:5027: checking for exit in -lboost_filesystem
configure:5052: gcc -o conftest -g -O2  -I/usr/include  -L/usr/lib64 conftest.c -lboost_filesystem    >&5
conftest.c:20:6: warning: conflicting types for built-in function 'exit' [enabled by default]
configure:5052: $? = 0
configure:5062: result: yes
configure:5212: checking whether the Boost::Program_Options library is available
configure:5236: g++ -c -g -O2  -I/usr/include conftest.cpp >&5
configure:5236: $? = 0
configure:5250: result: yes
configure:5261: checking for exit in -lboost_program_options-mt
configure:5286: gcc -o conftest -g -O2  -I/usr/include  -L/usr/lib64 conftest.c -lboost_program_options-mt   >&5
conftest.c:21:6: warning: conflicting types for built-in function 'exit' [enabled by default]
configure:5286: $? = 0
configure:5296: result: yes
configure:5438: checking whether the Boost::Regex library is available
configure:5461: g++ -c -g -O2  -I/usr/include conftest.cpp >&5
configure:5461: $? = 0
configure:5475: result: yes
configure:5486: checking for exit in -lboost_regex-mt
configure:5511: gcc -o conftest -g -O2  -I/usr/include  -L/usr/lib64 conftest.c -lboost_regex-mt   >&5
conftest.c:22:6: warning: conflicting types for built-in function 'exit' [enabled by default]
configure:5511: $? = 0
configure:5521: result: yes
configure:5666: checking whether the Boost::System library is available
configure:5690: g++ -c -g -O2  -I/usr/include conftest.cpp >&5
configure:5690: $? = 0
configure:5705: result: yes
configure:5720: checking for exit in -lboost_system
configure:5745: gcc -o conftest -g -O2  -I/usr/include  -L/usr/lib64 conftest.c -lboost_system   >&5
conftest.c:23:6: warning: conflicting types for built-in function 'exit' [enabled by default]
configure:5745: $? = 0
configure:5755: result: yes
configure:5906: checking whether the Boost::Unit_Test_Framework library is available
configure:5929: g++ -c -g -O2  -I/usr/include conftest.cpp >&5
configure:5929: $? = 0
configure:5943: result: yes
configure:6068: checking how to run the C preprocessor
configure:6099: gcc -E  conftest.c
configure:6099: $? = 0
configure:6113: gcc -E  conftest.c
conftest.c:17:28: fatal error: ac_nonexistent.h: No such file or directory
compilation terminated.
configure:6113: $? = 1
configure: failed program was:
| /* confdefs.h */
| #define PACKAGE_NAME "kmad"
| #define PACKAGE_TARNAME "kmad"
| #define PACKAGE_VERSION "1.06.04"
| #define PACKAGE_STRING "kmad 1.06.04"
| #define PACKAGE_BUGREPORT ""
| #define PACKAGE_URL ""
| #define PACKAGE "kmad"
| #define VERSION "1.06.04"
| #define HAVE_BOOST /**/
| #define HAVE_BOOST_FILESYSTEM /**/
| #define HAVE_BOOST_PROGRAM_OPTIONS /**/
| #define HAVE_BOOST_REGEX /**/
| #define HAVE_BOOST_SYSTEM /**/
| #define HAVE_BOOST_UNIT_TEST_FRAMEWORK /**/
| /* end confdefs.h.  */
| #include <ac_nonexistent.h>
configure:6138: result: gcc -E
configure:6158: gcc -E  conftest.c
configure:6158: $? = 0
configure:6172: gcc -E  conftest.c
conftest.c:17:28: fatal error: ac_nonexistent.h: No such file or directory
compilation terminated.
configure:6172: $? = 1
configure: failed program was:
| /* confdefs.h */
| #define PACKAGE_NAME "kmad"
| #define PACKAGE_TARNAME "kmad"
| #define PACKAGE_VERSION "1.06.04"
| #define PACKAGE_STRING "kmad 1.06.04"
| #define PACKAGE_BUGREPORT ""
| #define PACKAGE_URL ""
| #define PACKAGE "kmad"
| #define VERSION "1.06.04"
| #define HAVE_BOOST /**/
| #define HAVE_BOOST_FILESYSTEM /**/
| #define HAVE_BOOST_PROGRAM_OPTIONS /**/
| #define HAVE_BOOST_REGEX /**/
| #define HAVE_BOOST_SYSTEM /**/
| #define HAVE_BOOST_UNIT_TEST_FRAMEWORK /**/
| /* end confdefs.h.  */
| #include <ac_nonexistent.h>
configure:6201: checking for grep that handles long lines and -e
configure:6259: result: /usr/bin/grep
configure:6264: checking for egrep
configure:6326: result: /usr/bin/grep -E
configure:6331: checking for ANSI C header files
configure:6351: gcc -c -g -O2  conftest.c >&5
configure:6351: $? = 0
configure:6424: gcc -o conftest -g -O2   conftest.c  >&5
configure:6424: $? = 0
configure:6424: ./conftest
configure:6424: $? = 0
configure:6435: result: yes
configure:6448: checking for sys/types.h
configure:6448: gcc -c -g -O2  conftest.c >&5
configure:6448: $? = 0
configure:6448: result: yes
configure:6448: checking for sys/stat.h
configure:6448: gcc -c -g -O2  conftest.c >&5
configure:6448: $? = 0
configure:6448: result: yes
configure:6448: checking for stdlib.h
configure:6448: gcc -c -g -O2  conftest.c >&5
configure:6448: $? = 0
configure:6448: result: yes
configure:6448: checking for string.h
configure:6448: gcc -c -g -O2  conftest.c >&5
configure:6448: $? = 0
configure:6448: result: yes
configure:6448: checking for memory.h
configure:6448: gcc -c -g -O2  conftest.c >&5
configure:6448: $? = 0
configure:6448: result: yes
configure:6448: checking for strings.h
configure:6448: gcc -c -g -O2  conftest.c >&5
configure:6448: $? = 0
configure:6448: result: yes
configure:6448: checking for inttypes.h
configure:6448: gcc -c -g -O2  conftest.c >&5
configure:6448: $? = 0
configure:6448: result: yes
configure:6448: checking for stdint.h
configure:6448: gcc -c -g -O2  conftest.c >&5
configure:6448: $? = 0
configure:6448: result: yes
configure:6448: checking for unistd.h
configure:6448: gcc -c -g -O2  conftest.c >&5
configure:6448: $? = 0
configure:6448: result: yes
configure:6463: checking sys/ioctl.h usability
configure:6463: gcc -c -g -O2  conftest.c >&5
configure:6463: $? = 0
configure:6463: result: yes
configure:6463: checking sys/ioctl.h presence
configure:6463: gcc -E  conftest.c
configure:6463: $? = 0
configure:6463: result: yes
configure:6463: checking for sys/ioctl.h
configure:6463: result: yes
configure:6463: checking termios.h usability
configure:6463: gcc -c -g -O2  conftest.c >&5
configure:6463: $? = 0
configure:6463: result: yes
configure:6463: checking termios.h presence
configure:6463: gcc -E  conftest.c
configure:6463: $? = 0
configure:6463: result: yes
configure:6463: checking for termios.h
configure:6463: result: yes
configure:6463: checking libconfig.h usability
configure:6463: gcc -c -g -O2  conftest.c >&5
configure:6463: $? = 0
configure:6463: result: yes
configure:6463: checking libconfig.h presence
configure:6463: gcc -E  conftest.c
configure:6463: $? = 0
configure:6463: result: yes
configure:6463: checking for libconfig.h
configure:6463: result: yes
configure:6476: checking for inline
configure:6492: gcc -c -g -O2  conftest.c >&5
configure:6492: $? = 0
configure:6500: result: inline
configure:6518: checking for int16_t
configure:6518: gcc -c -g -O2  conftest.c >&5
configure:6518: $? = 0
configure:6518: gcc -c -g -O2  conftest.c >&5
conftest.c: In function 'main':
conftest.c:67:12: error: size of array 'test_array' is negative
configure:6518: $? = 1
configure: failed program was:
| /* confdefs.h */
| #define PACKAGE_NAME "kmad"
| #define PACKAGE_TARNAME "kmad"
| #define PACKAGE_VERSION "1.06.04"
| #define PACKAGE_STRING "kmad 1.06.04"
| #define PACKAGE_BUGREPORT ""
| #define PACKAGE_URL ""
| #define PACKAGE "kmad"
| #define VERSION "1.06.04"
| #define HAVE_BOOST /**/
| #define HAVE_BOOST_FILESYSTEM /**/
| #define HAVE_BOOST_PROGRAM_OPTIONS /**/
| #define HAVE_BOOST_REGEX /**/
| #define HAVE_BOOST_SYSTEM /**/
| #define HAVE_BOOST_UNIT_TEST_FRAMEWORK /**/
| #define STDC_HEADERS 1
| #define HAVE_SYS_TYPES_H 1
| #define HAVE_SYS_STAT_H 1
| #define HAVE_STDLIB_H 1
| #define HAVE_STRING_H 1
| #define HAVE_MEMORY_H 1
| #define HAVE_STRINGS_H 1
| #define HAVE_INTTYPES_H 1
| #define HAVE_STDINT_H 1
| #define HAVE_UNISTD_H 1
| #define HAVE_SYS_IOCTL_H 1
| #define HAVE_TERMIOS_H 1
| #define HAVE_LIBCONFIG_H 1
| /* end confdefs.h.  */
| #include <stdio.h>
| #ifdef HAVE_SYS_TYPES_H
| # include <sys/types.h>
| #endif
| #ifdef HAVE_SYS_STAT_H
| # include <sys/stat.h>
| #endif
| #ifdef STDC_HEADERS
| # include <stdlib.h>
| # include <stddef.h>
| #else
| # ifdef HAVE_STDLIB_H
| #  include <stdlib.h>
| # endif
| #endif
| #ifdef HAVE_STRING_H
| # if !defined STDC_HEADERS && defined HAVE_MEMORY_H
| #  include <memory.h>
| # endif
| # include <string.h>
| #endif
| #ifdef HAVE_STRINGS_H
| # include <strings.h>
| #endif
| #ifdef HAVE_INTTYPES_H
| # include <inttypes.h>
| #endif
| #ifdef HAVE_STDINT_H
| # include <stdint.h>
| #endif
| #ifdef HAVE_UNISTD_H
| # include <unistd.h>
| #endif
| 	        enum { N = 16 / 2 - 1 };
| int
| main ()
| {
| static int test_array [1 - 2 * !((int16_t) (((((int16_t) 1 << N) << N) - 1) * 2 + 1)
| 		 < (int16_t) (((((int16_t) 1 << N) << N) - 1) * 2 + 2))];
| test_array [0] = 0;
| return test_array [0];
| 
|   ;
|   return 0;
| }
configure:6518: result: yes
configure:6529: checking for int32_t
configure:6529: gcc -c -g -O2  conftest.c >&5
configure:6529: $? = 0
configure:6529: gcc -c -g -O2  conftest.c >&5
conftest.c: In function 'main':
conftest.c:68:53: warning: integer overflow in expression [-Woverflow]
conftest.c:67:12: error: storage size of 'test_array' isn't constant
configure:6529: $? = 1
configure: failed program was:
| /* confdefs.h */
| #define PACKAGE_NAME "kmad"
| #define PACKAGE_TARNAME "kmad"
| #define PACKAGE_VERSION "1.06.04"
| #define PACKAGE_STRING "kmad 1.06.04"
| #define PACKAGE_BUGREPORT ""
| #define PACKAGE_URL ""
| #define PACKAGE "kmad"
| #define VERSION "1.06.04"
| #define HAVE_BOOST /**/
| #define HAVE_BOOST_FILESYSTEM /**/
| #define HAVE_BOOST_PROGRAM_OPTIONS /**/
| #define HAVE_BOOST_REGEX /**/
| #define HAVE_BOOST_SYSTEM /**/
| #define HAVE_BOOST_UNIT_TEST_FRAMEWORK /**/
| #define STDC_HEADERS 1
| #define HAVE_SYS_TYPES_H 1
| #define HAVE_SYS_STAT_H 1
| #define HAVE_STDLIB_H 1
| #define HAVE_STRING_H 1
| #define HAVE_MEMORY_H 1
| #define HAVE_STRINGS_H 1
| #define HAVE_INTTYPES_H 1
| #define HAVE_STDINT_H 1
| #define HAVE_UNISTD_H 1
| #define HAVE_SYS_IOCTL_H 1
| #define HAVE_TERMIOS_H 1
| #define HAVE_LIBCONFIG_H 1
| /* end confdefs.h.  */
| #include <stdio.h>
| #ifdef HAVE_SYS_TYPES_H
| # include <sys/types.h>
| #endif
| #ifdef HAVE_SYS_STAT_H
| # include <sys/stat.h>
| #endif
| #ifdef STDC_HEADERS
| # include <stdlib.h>
| # include <stddef.h>
| #else
| # ifdef HAVE_STDLIB_H
| #  include <stdlib.h>
| # endif
| #endif
| #ifdef HAVE_STRING_H
| # if !defined STDC_HEADERS && defined HAVE_MEMORY_H
| #  include <memory.h>
| # endif
| # include <string.h>
| #endif
| #ifdef HAVE_STRINGS_H
| # include <strings.h>
| #endif
| #ifdef HAVE_INTTYPES_H
| # include <inttypes.h>
| #endif
| #ifdef HAVE_STDINT_H
| # include <stdint.h>
| #endif
| #ifdef HAVE_UNISTD_H
| # include <unistd.h>
| #endif
| 	        enum { N = 32 / 2 - 1 };
| int
| main ()
| {
| static int test_array [1 - 2 * !((int32_t) (((((int32_t) 1 << N) << N) - 1) * 2 + 1)
| 		 < (int32_t) (((((int32_t) 1 << N) << N) - 1) * 2 + 2))];
| test_array [0] = 0;
| return test_array [0];
| 
|   ;
|   return 0;
| }
configure:6529: result: yes
configure:6540: checking for int64_t
configure:6540: gcc -c -g -O2  conftest.c >&5
configure:6540: $? = 0
configure:6540: gcc -c -g -O2  conftest.c >&5
conftest.c: In function 'main':
conftest.c:68:53: warning: integer overflow in expression [-Woverflow]
conftest.c:67:12: error: storage size of 'test_array' isn't constant
configure:6540: $? = 1
configure: failed program was:
| /* confdefs.h */
| #define PACKAGE_NAME "kmad"
| #define PACKAGE_TARNAME "kmad"
| #define PACKAGE_VERSION "1.06.04"
| #define PACKAGE_STRING "kmad 1.06.04"
| #define PACKAGE_BUGREPORT ""
| #define PACKAGE_URL ""
| #define PACKAGE "kmad"
| #define VERSION "1.06.04"
| #define HAVE_BOOST /**/
| #define HAVE_BOOST_FILESYSTEM /**/
| #define HAVE_BOOST_PROGRAM_OPTIONS /**/
| #define HAVE_BOOST_REGEX /**/
| #define HAVE_BOOST_SYSTEM /**/
| #define HAVE_BOOST_UNIT_TEST_FRAMEWORK /**/
| #define STDC_HEADERS 1
| #define HAVE_SYS_TYPES_H 1
| #define HAVE_SYS_STAT_H 1
| #define HAVE_STDLIB_H 1
| #define HAVE_STRING_H 1
| #define HAVE_MEMORY_H 1
| #define HAVE_STRINGS_H 1
| #define HAVE_INTTYPES_H 1
| #define HAVE_STDINT_H 1
| #define HAVE_UNISTD_H 1
| #define HAVE_SYS_IOCTL_H 1
| #define HAVE_TERMIOS_H 1
| #define HAVE_LIBCONFIG_H 1
| /* end confdefs.h.  */
| #include <stdio.h>
| #ifdef HAVE_SYS_TYPES_H
| # include <sys/types.h>
| #endif
| #ifdef HAVE_SYS_STAT_H
| # include <sys/stat.h>
| #endif
| #ifdef STDC_HEADERS
| # include <stdlib.h>
| # include <stddef.h>
| #else
| # ifdef HAVE_STDLIB_H
| #  include <stdlib.h>
| # endif
| #endif
| #ifdef HAVE_STRING_H
| # if !defined STDC_HEADERS && defined HAVE_MEMORY_H
| #  include <memory.h>
| # endif
| # include <string.h>
| #endif
| #ifdef HAVE_STRINGS_H
| # include <strings.h>
| #endif
| #ifdef HAVE_INTTYPES_H
| # include <inttypes.h>
| #endif
| #ifdef HAVE_STDINT_H
| # include <stdint.h>
| #endif
| #ifdef HAVE_UNISTD_H
| # include <unistd.h>
| #endif
| 	        enum { N = 64 / 2 - 1 };
| int
| main ()
| {
| static int test_array [1 - 2 * !((int64_t) (((((int64_t) 1 << N) << N) - 1) * 2 + 1)
| 		 < (int64_t) (((((int64_t) 1 << N) << N) - 1) * 2 + 2))];
| test_array [0] = 0;
| return test_array [0];
| 
|   ;
|   return 0;
| }
configure:6540: result: yes
configure:6551: checking for int8_t
configure:6551: gcc -c -g -O2  conftest.c >&5
configure:6551: $? = 0
configure:6551: gcc -c -g -O2  conftest.c >&5
conftest.c: In function 'main':
conftest.c:67:12: error: size of array 'test_array' is negative
configure:6551: $? = 1
configure: failed program was:
| /* confdefs.h */
| #define PACKAGE_NAME "kmad"
| #define PACKAGE_TARNAME "kmad"
| #define PACKAGE_VERSION "1.06.04"
| #define PACKAGE_STRING "kmad 1.06.04"
| #define PACKAGE_BUGREPORT ""
| #define PACKAGE_URL ""
| #define PACKAGE "kmad"
| #define VERSION "1.06.04"
| #define HAVE_BOOST /**/
| #define HAVE_BOOST_FILESYSTEM /**/
| #define HAVE_BOOST_PROGRAM_OPTIONS /**/
| #define HAVE_BOOST_REGEX /**/
| #define HAVE_BOOST_SYSTEM /**/
| #define HAVE_BOOST_UNIT_TEST_FRAMEWORK /**/
| #define STDC_HEADERS 1
| #define HAVE_SYS_TYPES_H 1
| #define HAVE_SYS_STAT_H 1
| #define HAVE_STDLIB_H 1
| #define HAVE_STRING_H 1
| #define HAVE_MEMORY_H 1
| #define HAVE_STRINGS_H 1
| #define HAVE_INTTYPES_H 1
| #define HAVE_STDINT_H 1
| #define HAVE_UNISTD_H 1
| #define HAVE_SYS_IOCTL_H 1
| #define HAVE_TERMIOS_H 1
| #define HAVE_LIBCONFIG_H 1
| /* end confdefs.h.  */
| #include <stdio.h>
| #ifdef HAVE_SYS_TYPES_H
| # include <sys/types.h>
| #endif
| #ifdef HAVE_SYS_STAT_H
| # include <sys/stat.h>
| #endif
| #ifdef STDC_HEADERS
| # include <stdlib.h>
| # include <stddef.h>
| #else
| # ifdef HAVE_STDLIB_H
| #  include <stdlib.h>
| # endif
| #endif
| #ifdef HAVE_STRING_H
| # if !defined STDC_HEADERS && defined HAVE_MEMORY_H
| #  include <memory.h>
| # endif
| # include <string.h>
| #endif
| #ifdef HAVE_STRINGS_H
| # include <strings.h>
| #endif
| #ifdef HAVE_INTTYPES_H
| # include <inttypes.h>
| #endif
| #ifdef HAVE_STDINT_H
| # include <stdint.h>
| #endif
| #ifdef HAVE_UNISTD_H
| # include <unistd.h>
| #endif
| 	        enum { N = 8 / 2 - 1 };
| int
| main ()
| {
| static int test_array [1 - 2 * !((int8_t) (((((int8_t) 1 << N) << N) - 1) * 2 + 1)
| 		 < (int8_t) (((((int8_t) 1 << N) << N) - 1) * 2 + 2))];
| test_array [0] = 0;
| return test_array [0];
| 
|   ;
|   return 0;
| }
configure:6551: result: yes
configure:6562: checking for size_t
configure:6562: gcc -c -g -O2  conftest.c >&5
configure:6562: $? = 0
configure:6562: gcc -c -g -O2  conftest.c >&5
conftest.c: In function 'main':
conftest.c:66:21: error: expected expression before ')' token
configure:6562: $? = 1
configure: failed program was:
| /* confdefs.h */
| #define PACKAGE_NAME "kmad"
| #define PACKAGE_TARNAME "kmad"
| #define PACKAGE_VERSION "1.06.04"
| #define PACKAGE_STRING "kmad 1.06.04"
| #define PACKAGE_BUGREPORT ""
| #define PACKAGE_URL ""
| #define PACKAGE "kmad"
| #define VERSION "1.06.04"
| #define HAVE_BOOST /**/
| #define HAVE_BOOST_FILESYSTEM /**/
| #define HAVE_BOOST_PROGRAM_OPTIONS /**/
| #define HAVE_BOOST_REGEX /**/
| #define HAVE_BOOST_SYSTEM /**/
| #define HAVE_BOOST_UNIT_TEST_FRAMEWORK /**/
| #define STDC_HEADERS 1
| #define HAVE_SYS_TYPES_H 1
| #define HAVE_SYS_STAT_H 1
| #define HAVE_STDLIB_H 1
| #define HAVE_STRING_H 1
| #define HAVE_MEMORY_H 1
| #define HAVE_STRINGS_H 1
| #define HAVE_INTTYPES_H 1
| #define HAVE_STDINT_H 1
| #define HAVE_UNISTD_H 1
| #define HAVE_SYS_IOCTL_H 1
| #define HAVE_TERMIOS_H 1
| #define HAVE_LIBCONFIG_H 1
| /* end confdefs.h.  */
| #include <stdio.h>
| #ifdef HAVE_SYS_TYPES_H
| # include <sys/types.h>
| #endif
| #ifdef HAVE_SYS_STAT_H
| # include <sys/stat.h>
| #endif
| #ifdef STDC_HEADERS
| # include <stdlib.h>
| # include <stddef.h>
| #else
| # ifdef HAVE_STDLIB_H
| #  include <stdlib.h>
| # endif
| #endif
| #ifdef HAVE_STRING_H
| # if !defined STDC_HEADERS && defined HAVE_MEMORY_H
| #  include <memory.h>
| # endif
| # include <string.h>
| #endif
| #ifdef HAVE_STRINGS_H
| # include <strings.h>
| #endif
| #ifdef HAVE_INTTYPES_H
| # include <inttypes.h>
| #endif
| #ifdef HAVE_STDINT_H
| # include <stdint.h>
| #endif
| #ifdef HAVE_UNISTD_H
| # include <unistd.h>
| #endif
| int
| main ()
| {
| if (sizeof ((size_t)))
| 	    return 0;
|   ;
|   return 0;
| }
configure:6562: result: yes
configure:6573: checking for uint16_t
configure:6573: gcc -c -g -O2  conftest.c >&5
configure:6573: $? = 0
configure:6573: result: yes
configure:6585: checking for uint32_t
configure:6585: gcc -c -g -O2  conftest.c >&5
configure:6585: $? = 0
configure:6585: result: yes
configure:6599: checking for uint64_t
configure:6599: gcc -c -g -O2  conftest.c >&5
configure:6599: $? = 0
configure:6599: result: yes
configure:6613: checking for uint8_t
configure:6613: gcc -c -g -O2  conftest.c >&5
configure:6613: $? = 0
configure:6613: result: yes
configure:6629: checking for error_at_line
configure:6645: gcc -o conftest -g -O2   conftest.c  >&5
configure:6645: $? = 0
configure:6653: result: yes
configure:6664: checking for pid_t
configure:6664: gcc -c -g -O2  conftest.c >&5
configure:6664: $? = 0
configure:6664: gcc -c -g -O2  conftest.c >&5
conftest.c: In function 'main':
conftest.c:66:20: error: expected expression before ')' token
configure:6664: $? = 1
configure: failed program was:
| /* confdefs.h */
| #define PACKAGE_NAME "kmad"
| #define PACKAGE_TARNAME "kmad"
| #define PACKAGE_VERSION "1.06.04"
| #define PACKAGE_STRING "kmad 1.06.04"
| #define PACKAGE_BUGREPORT ""
| #define PACKAGE_URL ""
| #define PACKAGE "kmad"
| #define VERSION "1.06.04"
| #define HAVE_BOOST /**/
| #define HAVE_BOOST_FILESYSTEM /**/
| #define HAVE_BOOST_PROGRAM_OPTIONS /**/
| #define HAVE_BOOST_REGEX /**/
| #define HAVE_BOOST_SYSTEM /**/
| #define HAVE_BOOST_UNIT_TEST_FRAMEWORK /**/
| #define STDC_HEADERS 1
| #define HAVE_SYS_TYPES_H 1
| #define HAVE_SYS_STAT_H 1
| #define HAVE_STDLIB_H 1
| #define HAVE_STRING_H 1
| #define HAVE_MEMORY_H 1
| #define HAVE_STRINGS_H 1
| #define HAVE_INTTYPES_H 1
| #define HAVE_STDINT_H 1
| #define HAVE_UNISTD_H 1
| #define HAVE_SYS_IOCTL_H 1
| #define HAVE_TERMIOS_H 1
| #define HAVE_LIBCONFIG_H 1
| /* end confdefs.h.  */
| #include <stdio.h>
| #ifdef HAVE_SYS_TYPES_H
| # include <sys/types.h>
| #endif
| #ifdef HAVE_SYS_STAT_H
| # include <sys/stat.h>
| #endif
| #ifdef STDC_HEADERS
| # include <stdlib.h>
| # include <stddef.h>
| #else
| # ifdef HAVE_STDLIB_H
| #  include <stdlib.h>
| # endif
| #endif
| #ifdef HAVE_STRING_H
| # if !defined STDC_HEADERS && defined HAVE_MEMORY_H
| #  include <memory.h>
| # endif
| # include <string.h>
| #endif
| #ifdef HAVE_STRINGS_H
| # include <strings.h>
| #endif
| #ifdef HAVE_INTTYPES_H
| # include <inttypes.h>
| #endif
| #ifdef HAVE_STDINT_H
| # include <stdint.h>
| #endif
| #ifdef HAVE_UNISTD_H
| # include <unistd.h>
| #endif
| int
| main ()
| {
| if (sizeof ((pid_t)))
| 	    return 0;
|   ;
|   return 0;
| }
configure:6664: result: yes
configure:6677: checking vfork.h usability
configure:6677: gcc -c -g -O2  conftest.c >&5
conftest.c:63:19: fatal error: vfork.h: No such file or directory
compilation terminated.
configure:6677: $? = 1
configure: failed program was:
| /* confdefs.h */
| #define PACKAGE_NAME "kmad"
| #define PACKAGE_TARNAME "kmad"
| #define PACKAGE_VERSION "1.06.04"
| #define PACKAGE_STRING "kmad 1.06.04"
| #define PACKAGE_BUGREPORT ""
| #define PACKAGE_URL ""
| #define PACKAGE "kmad"
| #define VERSION "1.06.04"
| #define HAVE_BOOST /**/
| #define HAVE_BOOST_FILESYSTEM /**/
| #define HAVE_BOOST_PROGRAM_OPTIONS /**/
| #define HAVE_BOOST_REGEX /**/
| #define HAVE_BOOST_SYSTEM /**/
| #define HAVE_BOOST_UNIT_TEST_FRAMEWORK /**/
| #define STDC_HEADERS 1
| #define HAVE_SYS_TYPES_H 1
| #define HAVE_SYS_STAT_H 1
| #define HAVE_STDLIB_H 1
| #define HAVE_STRING_H 1
| #define HAVE_MEMORY_H 1
| #define HAVE_STRINGS_H 1
| #define HAVE_INTTYPES_H 1
| #define HAVE_STDINT_H 1
| #define HAVE_UNISTD_H 1
| #define HAVE_SYS_IOCTL_H 1
| #define HAVE_TERMIOS_H 1
| #define HAVE_LIBCONFIG_H 1
| /* end confdefs.h.  */
| #include <stdio.h>
| #ifdef HAVE_SYS_TYPES_H
| # include <sys/types.h>
| #endif
| #ifdef HAVE_SYS_STAT_H
| # include <sys/stat.h>
| #endif
| #ifdef STDC_HEADERS
| # include <stdlib.h>
| # include <stddef.h>
| #else
| # ifdef HAVE_STDLIB_H
| #  include <stdlib.h>
| # endif
| #endif
| #ifdef HAVE_STRING_H
| # if !defined STDC_HEADERS && defined HAVE_MEMORY_H
| #  include <memory.h>
| # endif
| # include <string.h>
| #endif
| #ifdef HAVE_STRINGS_H
| # include <strings.h>
| #endif
| #ifdef HAVE_INTTYPES_H
| # include <inttypes.h>
| #endif
| #ifdef HAVE_STDINT_H
| # include <stdint.h>
| #endif
| #ifdef HAVE_UNISTD_H
| # include <unistd.h>
| #endif
| #include <vfork.h>
configure:6677: result: no
configure:6677: checking vfork.h presence
configure:6677: gcc -E  conftest.c
conftest.c:30:19: fatal error: vfork.h: No such file or directory
compilation terminated.
configure:6677: $? = 1
configure: failed program was:
| /* confdefs.h */
| #define PACKAGE_NAME "kmad"
| #define PACKAGE_TARNAME "kmad"
| #define PACKAGE_VERSION "1.06.04"
| #define PACKAGE_STRING "kmad 1.06.04"
| #define PACKAGE_BUGREPORT ""
| #define PACKAGE_URL ""
| #define PACKAGE "kmad"
| #define VERSION "1.06.04"
| #define HAVE_BOOST /**/
| #define HAVE_BOOST_FILESYSTEM /**/
| #define HAVE_BOOST_PROGRAM_OPTIONS /**/
| #define HAVE_BOOST_REGEX /**/
| #define HAVE_BOOST_SYSTEM /**/
| #define HAVE_BOOST_UNIT_TEST_FRAMEWORK /**/
| #define STDC_HEADERS 1
| #define HAVE_SYS_TYPES_H 1
| #define HAVE_SYS_STAT_H 1
| #define HAVE_STDLIB_H 1
| #define HAVE_STRING_H 1
| #define HAVE_MEMORY_H 1
| #define HAVE_STRINGS_H 1
| #define HAVE_INTTYPES_H 1
| #define HAVE_STDINT_H 1
| #define HAVE_UNISTD_H 1
| #define HAVE_SYS_IOCTL_H 1
| #define HAVE_TERMIOS_H 1
| #define HAVE_LIBCONFIG_H 1
| /* end confdefs.h.  */
| #include <vfork.h>
configure:6677: result: no
configure:6677: checking for vfork.h
configure:6677: result: no
configure:6690: checking for fork
configure:6690: gcc -o conftest -g -O2   conftest.c  >&5
conftest.c:53:6: warning: conflicting types for built-in function 'fork' [enabled by default]
configure:6690: $? = 0
configure:6690: result: yes
configure:6690: checking for vfork
configure:6690: gcc -o conftest -g -O2   conftest.c  >&5
configure:6690: $? = 0
configure:6690: result: yes
configure:6700: checking for working fork
configure:6722: gcc -o conftest -g -O2   conftest.c  >&5
configure:6722: $? = 0
configure:6722: ./conftest
configure:6722: $? = 0
configure:6732: result: yes
configure:6753: checking for working vfork
configure:6863: result: yes
configure:6891: checking for dup2
configure:6891: gcc -o conftest -g -O2   conftest.c  >&5
configure:6891: $? = 0
configure:6891: result: yes
configure:6891: checking for floor
configure:6891: gcc -o conftest -g -O2   conftest.c  >&5
conftest.c:58:6: warning: conflicting types for built-in function 'floor' [enabled by default]
/tmp/ccQhCJZD.o: In function `main':
/home/joanna/cmbi/kmad/conftest.c:69: undefined reference to `floor'
collect2: error: ld returned 1 exit status
configure:6891: $? = 1
configure: failed program was:
| /* confdefs.h */
| #define PACKAGE_NAME "kmad"
| #define PACKAGE_TARNAME "kmad"
| #define PACKAGE_VERSION "1.06.04"
| #define PACKAGE_STRING "kmad 1.06.04"
| #define PACKAGE_BUGREPORT ""
| #define PACKAGE_URL ""
| #define PACKAGE "kmad"
| #define VERSION "1.06.04"
| #define HAVE_BOOST /**/
| #define HAVE_BOOST_FILESYSTEM /**/
| #define HAVE_BOOST_PROGRAM_OPTIONS /**/
| #define HAVE_BOOST_REGEX /**/
| #define HAVE_BOOST_SYSTEM /**/
| #define HAVE_BOOST_UNIT_TEST_FRAMEWORK /**/
| #define STDC_HEADERS 1
| #define HAVE_SYS_TYPES_H 1
| #define HAVE_SYS_STAT_H 1
| #define HAVE_STDLIB_H 1
| #define HAVE_STRING_H 1
| #define HAVE_MEMORY_H 1
| #define HAVE_STRINGS_H 1
| #define HAVE_INTTYPES_H 1
| #define HAVE_STDINT_H 1
| #define HAVE_UNISTD_H 1
| #define HAVE_SYS_IOCTL_H 1
| #define HAVE_TERMIOS_H 1
| #define HAVE_LIBCONFIG_H 1
| #define HAVE_FORK 1
| #define HAVE_VFORK 1
| #define HAVE_WORKING_VFORK 1
| #define HAVE_WORKING_FORK 1
| #define HAVE_DUP2 1
| /* end confdefs.h.  */
| /* Define floor to an innocuous variant, in case <limits.h> declares floor.
|    For example, HP-UX 11i <limits.h> declares gettimeofday.  */
| #define floor innocuous_floor
| 
| /* System header to define __stub macros and hopefully few prototypes,
|     which can conflict with char floor (); below.
|     Prefer <limits.h> to <assert.h> if __STDC__ is defined, since
|     <limits.h> exists even on freestanding compilers.  */
| 
| #ifdef __STDC__
| # include <limits.h>
| #else
| # include <assert.h>
| #endif
| 
| #undef floor
| 
| /* Override any GCC internal prototype to avoid an error.
|    Use char because int might match the return type of a GCC
|    builtin and then its argument prototype would still apply.  */
| #ifdef __cplusplus
| extern "C"
| #endif
| char floor ();
| /* The GNU C library defines this for functions which it implements
|     to always fail with ENOSYS.  Some functions are actually named
|     something starting with __ and the normal name is an alias.  */
| #if defined __stub_floor || defined __stub___floor
| choke me
| #endif
| 
| int
| main ()
| {
| return floor ();
|   ;
|   return 0;
| }
configure:6891: result: no
configure:6891: checking for pow
configure:6891: gcc -o conftest -g -O2   conftest.c  >&5
conftest.c:58:6: warning: conflicting types for built-in function 'pow' [enabled by default]
/tmp/cc1pVibK.o: In function `main':
/home/joanna/cmbi/kmad/conftest.c:69: undefined reference to `pow'
collect2: error: ld returned 1 exit status
configure:6891: $? = 1
configure: failed program was:
| /* confdefs.h */
| #define PACKAGE_NAME "kmad"
| #define PACKAGE_TARNAME "kmad"
| #define PACKAGE_VERSION "1.06.04"
| #define PACKAGE_STRING "kmad 1.06.04"
| #define PACKAGE_BUGREPORT ""
| #define PACKAGE_URL ""
| #define PACKAGE "kmad"
| #define VERSION "1.06.04"
| #define HAVE_BOOST /**/
| #define HAVE_BOOST_FILESYSTEM /**/
| #define HAVE_BOOST_PROGRAM_OPTIONS /**/
| #define HAVE_BOOST_REGEX /**/
| #define HAVE_BOOST_SYSTEM /**/
| #define HAVE_BOOST_UNIT_TEST_FRAMEWORK /**/
| #define STDC_HEADERS 1
| #define HAVE_SYS_TYPES_H 1
| #define HAVE_SYS_STAT_H 1
| #define HAVE_STDLIB_H 1
| #define HAVE_STRING_H 1
| #define HAVE_MEMORY_H 1
| #define HAVE_STRINGS_H 1
| #define HAVE_INTTYPES_H 1
| #define HAVE_STDINT_H 1
| #define HAVE_UNISTD_H 1
| #define HAVE_SYS_IOCTL_H 1
| #define HAVE_TERMIOS_H 1
| #define HAVE_LIBCONFIG_H 1
| #define HAVE_FORK 1
| #define HAVE_VFORK 1
| #define HAVE_WORKING_VFORK 1
| #define HAVE_WORKING_FORK 1
| #define HAVE_DUP2 1
| /* end confdefs.h.  */
| /* Define pow to an innocuous variant, in case <limits.h> declares pow.
|    For example, HP-UX 11i <limits.h> declares gettimeofday.  */
| #define pow innocuous_pow
| 
| /* System header to define __stub macros and hopefully few prototypes,
|     which can conflict with char pow (); below.
|     Prefer <limits.h> to <assert.h> if __STDC__ is defined, since
|     <limits.h> exists even on freestanding compilers.  */
| 
| #ifdef __STDC__
| # include <limits.h>
| #else
| # include <assert.h>
| #endif
| 
| #undef pow
| 
| /* Override any GCC internal prototype to avoid an error.
|    Use char because int might match the return type of a GCC
|    builtin and then its argument prototype would still apply.  */
| #ifdef __cplusplus
| extern "C"
| #endif
| char pow ();
| /* The GNU C library defines this for functions which it implements
|     to always fail with ENOSYS.  Some functions are actually named
|     something starting with __ and the normal name is an alias.  */
| #if defined __stub_pow || defined __stub___pow
| choke me
| #endif
| 
| int
| main ()
| {
| return pow ();
|   ;
|   return 0;
| }
configure:6891: result: no
configure:6891: checking for socket
configure:6891: gcc -o conftest -g -O2   conftest.c  >&5
configure:6891: $? = 0
configure:6891: result: yes
configure:6891: checking for sqrt
configure:6891: gcc -o conftest -g -O2   conftest.c  >&5
conftest.c:59:6: warning: conflicting types for built-in function 'sqrt' [enabled by default]
/tmp/ccXdM3f1.o: In function `main':
/home/joanna/cmbi/kmad/conftest.c:70: undefined reference to `sqrt'
collect2: error: ld returned 1 exit status
configure:6891: $? = 1
configure: failed program was:
| /* confdefs.h */
| #define PACKAGE_NAME "kmad"
| #define PACKAGE_TARNAME "kmad"
| #define PACKAGE_VERSION "1.06.04"
| #define PACKAGE_STRING "kmad 1.06.04"
| #define PACKAGE_BUGREPORT ""
| #define PACKAGE_URL ""
| #define PACKAGE "kmad"
| #define VERSION "1.06.04"
| #define HAVE_BOOST /**/
| #define HAVE_BOOST_FILESYSTEM /**/
| #define HAVE_BOOST_PROGRAM_OPTIONS /**/
| #define HAVE_BOOST_REGEX /**/
| #define HAVE_BOOST_SYSTEM /**/
| #define HAVE_BOOST_UNIT_TEST_FRAMEWORK /**/
| #define STDC_HEADERS 1
| #define HAVE_SYS_TYPES_H 1
| #define HAVE_SYS_STAT_H 1
| #define HAVE_STDLIB_H 1
| #define HAVE_STRING_H 1
| #define HAVE_MEMORY_H 1
| #define HAVE_STRINGS_H 1
| #define HAVE_INTTYPES_H 1
| #define HAVE_STDINT_H 1
| #define HAVE_UNISTD_H 1
| #define HAVE_SYS_IOCTL_H 1
| #define HAVE_TERMIOS_H 1
| #define HAVE_LIBCONFIG_H 1
| #define HAVE_FORK 1
| #define HAVE_VFORK 1
| #define HAVE_WORKING_VFORK 1
| #define HAVE_WORKING_FORK 1
| #define HAVE_DUP2 1
| #define HAVE_SOCKET 1
| /* end confdefs.h.  */
| /* Define sqrt to an innocuous variant, in case <limits.h> declares sqrt.
|    For example, HP-UX 11i <limits.h> declares gettimeofday.  */
| #define sqrt innocuous_sqrt
| 
| /* System header to define __stub macros and hopefully few prototypes,
|     which can conflict with char sqrt (); below.
|     Prefer <limits.h> to <assert.h> if __STDC__ is defined, since
|     <limits.h> exists even on freestanding compilers.  */
| 
| #ifdef __STDC__
| # include <limits.h>
| #else
| # include <assert.h>
| #endif
| 
| #undef sqrt
| 
| /* Override any GCC internal prototype to avoid an error.
|    Use char because int might match the return type of a GCC
|    builtin and then its argument prototype would still apply.  */
| #ifdef __cplusplus
| extern "C"
| #endif
| char sqrt ();
| /* The GNU C library defines this for functions which it implements
|     to always fail with ENOSYS.  Some functions are actually named
|     something starting with __ and the normal name is an alias.  */
| #if defined __stub_sqrt || defined __stub___sqrt
| choke me
| #endif
| 
| int
| main ()
| {
| return sqrt ();
|   ;
|   return 0;
| }
configure:6891: result: no
configure:6891: checking for strchr
configure:6891: gcc -o conftest -g -O2   conftest.c  >&5
conftest.c:59:6: warning: conflicting types for built-in function 'strchr' [enabled by default]
configure:6891: $? = 0
configure:6891: result: yes
configure:6891: checking for strerror
configure:6891: gcc -o conftest -g -O2   conftest.c  >&5
configure:6891: $? = 0
configure:6891: result: yes
configure:7033: checking that generated files are newer than configure
configure:7039: result: done
configure:7074: creating ./config.status

## ---------------- ##
## Cache variables. ##
## ---------------- ##

ac_cv_build=x86_64-unknown-linux-gnu
ac_cv_c_compiler_gnu=yes
ac_cv_c_inline=inline
ac_cv_c_int16_t=yes
ac_cv_c_int32_t=yes
ac_cv_c_int64_t=yes
ac_cv_c_int8_t=yes
ac_cv_c_uint16_t=yes
ac_cv_c_uint32_t=yes
ac_cv_c_uint64_t=yes
ac_cv_c_uint8_t=yes
ac_cv_cxx_compiler_gnu=yes
ac_cv_env_CCC_set=
ac_cv_env_CCC_value=
ac_cv_env_CC_set=
ac_cv_env_CC_value=
ac_cv_env_CFLAGS_set=
ac_cv_env_CFLAGS_value=
ac_cv_env_CPPFLAGS_set=
ac_cv_env_CPPFLAGS_value=
ac_cv_env_CPP_set=
ac_cv_env_CPP_value=
ac_cv_env_CXXFLAGS_set=
ac_cv_env_CXXFLAGS_value=
ac_cv_env_CXX_set=
ac_cv_env_CXX_value=
ac_cv_env_LDFLAGS_set=
ac_cv_env_LDFLAGS_value=
ac_cv_env_LIBS_set=
ac_cv_env_LIBS_value=
ac_cv_env_build_alias_set=
ac_cv_env_build_alias_value=
ac_cv_env_host_alias_set=
ac_cv_env_host_alias_value=
ac_cv_env_target_alias_set=
ac_cv_env_target_alias_value=
ac_cv_func_dup2=yes
ac_cv_func_floor=no
ac_cv_func_fork=yes
ac_cv_func_fork_works=yes
ac_cv_func_pow=no
ac_cv_func_socket=yes
ac_cv_func_sqrt=no
ac_cv_func_strchr=yes
ac_cv_func_strerror=yes
ac_cv_func_vfork=yes
ac_cv_func_vfork_works=yes
ac_cv_header_inttypes_h=yes
ac_cv_header_libconfig_h=yes
ac_cv_header_memory_h=yes
ac_cv_header_stdc=yes
ac_cv_header_stdint_h=yes
ac_cv_header_stdlib_h=yes
ac_cv_header_string_h=yes
ac_cv_header_strings_h=yes
ac_cv_header_sys_ioctl_h=yes
ac_cv_header_sys_stat_h=yes
ac_cv_header_sys_types_h=yes
ac_cv_header_termios_h=yes
ac_cv_header_unistd_h=yes
ac_cv_header_vfork_h=no
ac_cv_host=x86_64-unknown-linux-gnu
ac_cv_lib_boost_filesystem___exit=yes
ac_cv_lib_boost_program_options_mt___exit=yes
ac_cv_lib_boost_regex_mt___exit=yes
ac_cv_lib_boost_system___exit=yes
ac_cv_lib_error_at_line=yes
ac_cv_objext=o
ac_cv_path_EGREP='/usr/bin/grep -E'
ac_cv_path_GREP=/usr/bin/grep
ac_cv_path_install='/usr/bin/install -c'
ac_cv_path_mkdir=/usr/bin/mkdir
ac_cv_prog_AWK=gawk
ac_cv_prog_CPP='gcc -E'
ac_cv_prog_CPPCHECK=cppcheck
ac_cv_prog_ac_ct_CC=gcc
ac_cv_prog_ac_ct_CXX=g++
ac_cv_prog_cc_c89=
ac_cv_prog_cc_g=yes
ac_cv_prog_cxx_g=yes
ac_cv_prog_make_make_set=yes
ac_cv_type_pid_t=yes
ac_cv_type_size_t=yes
am_cv_CC_dependencies_compiler_type=gcc3
am_cv_CXX_dependencies_compiler_type=gcc3
ax_cv_boost_filesystem=yes
ax_cv_boost_program_options=yes
ax_cv_boost_regex=yes
ax_cv_boost_system=yes
ax_cv_boost_unit_test_framework=yes

## ----------------- ##
## Output variables. ##
## ----------------- ##

ACLOCAL='${SHELL} /home/joanna/cmbi/kmad/config/missing --run aclocal-1.12'
AMDEPBACKSLASH='\'
AMDEP_FALSE='#'
AMDEP_TRUE=''
AMTAR='$${TAR-tar}'
AUTOCONF='${SHELL} /home/joanna/cmbi/kmad/config/missing --run autoconf'
AUTOHEADER='${SHELL} /home/joanna/cmbi/kmad/config/missing --run autoheader'
AUTOMAKE='${SHELL} /home/joanna/cmbi/kmad/config/missing --run automake-1.12'
AWK='gawk'
BOOST_CPPFLAGS='-I/usr/include'
BOOST_FILESYSTEM_LIB='-lboost_filesystem'
BOOST_LDFLAGS='-L/usr/lib64'
BOOST_PROGRAM_OPTIONS_LIB='-lboost_program_options-mt'
BOOST_REGEX_LIB='-lboost_regex-mt'
BOOST_SYSTEM_LIB='-lboost_system'
BOOST_UNIT_TEST_FRAMEWORK_LIB='-lboost_unit_test_framework-mt'
CC='gcc'
CCDEPMODE='depmode=gcc3'
CFLAGS='-g -O2'
CPP='gcc -E'
CPPCHECK='cppcheck'
CPPFLAGS=''
CXX='g++'
CXXDEPMODE='depmode=gcc3'
CXXFLAGS='-g -O2'
CYGPATH_W='echo'
DEBUG_FALSE=''
DEBUG_TRUE='#'
DEFS='-DHAVE_CONFIG_H'
DEPDIR='.deps'
ECHO_C=''
ECHO_N='-n'
ECHO_T=''
EGREP='/usr/bin/grep -E'
EXEEXT=''
GREP='/usr/bin/grep'
HAVE_CPPCHECK_FALSE='#'
HAVE_CPPCHECK_TRUE=''
INSTALL_DATA='${INSTALL} -m 644'
INSTALL_PROGRAM='${INSTALL}'
INSTALL_SCRIPT='${INSTALL}'
INSTALL_STRIP_PROGRAM='$(install_sh) -c -s'
LDFLAGS=''
LIBOBJS=''
LIBS=''
LTLIBOBJS=''
MAKEINFO='${SHELL} /home/joanna/cmbi/kmad/config/missing --run makeinfo'
MKDIR_P='/usr/bin/mkdir -p'
OBJEXT='o'
PACKAGE='kmad'
PACKAGE_BUGREPORT=''
PACKAGE_NAME='kmad'
PACKAGE_STRING='kmad 1.06.04'
PACKAGE_TARNAME='kmad'
PACKAGE_URL=''
PACKAGE_VERSION='1.06.04'
PATH_SEPARATOR=':'
SET_MAKE=''
SHELL='/bin/bash'
STRIP=''
VERSION='1.06.04'
ac_ct_CC='gcc'
ac_ct_CXX='g++'
am__EXEEXT_FALSE=''
am__EXEEXT_TRUE='#'
am__fastdepCC_FALSE='#'
am__fastdepCC_TRUE=''
am__fastdepCXX_FALSE='#'
am__fastdepCXX_TRUE=''
am__include='include'
am__isrc=''
am__leading_dot='.'
am__nodep='_no'
am__quote=''
am__tar='$${TAR-tar} chof - "$$tardir"'
am__untar='$${TAR-tar} xf -'
bindir='${exec_prefix}/bin'
build='x86_64-unknown-linux-gnu'
build_alias=''
build_cpu='x86_64'
build_os='linux-gnu'
build_vendor='unknown'
datadir='${datarootdir}'
datarootdir='${prefix}/share'
docdir='${datarootdir}/doc/${PACKAGE_TARNAME}'
dvidir='${docdir}'
exec_prefix='${prefix}'
host='x86_64-unknown-linux-gnu'
host_alias=''
host_cpu='x86_64'
host_os='linux-gnu'
host_vendor='unknown'
htmldir='${docdir}'
includedir='${prefix}/include'
infodir='${datarootdir}/info'
install_sh='${SHELL} /home/joanna/cmbi/kmad/config/install-sh'
libdir='${exec_prefix}/lib'
libexecdir='${exec_prefix}/libexec'
localedir='${datarootdir}/locale'
localstatedir='${prefix}/var'
mandir='${datarootdir}/man'
mkdir_p='$(MKDIR_P)'
oldincludedir='/usr/include'
pdfdir='${docdir}'
prefix='/usr/local'
program_transform_name='s,x,x,'
psdir='${docdir}'
sbindir='${exec_prefix}/sbin'
sharedstatedir='${prefix}/com'
sysconfdir='${prefix}/etc'
target_alias=''

## ----------- ##
## confdefs.h. ##
## ----------- ##

/* confdefs.h */
#define PACKAGE_NAME "kmad"
#define PACKAGE_TARNAME "kmad"
#define PACKAGE_VERSION "1.06.04"
#define PACKAGE_STRING "kmad 1.06.04"
#define PACKAGE_BUGREPORT ""
#define PACKAGE_URL ""
#define PACKAGE "kmad"
#define VERSION "1.06.04"
#define HAVE_BOOST /**/
#define HAVE_BOOST_FILESYSTEM /**/
#define HAVE_BOOST_PROGRAM_OPTIONS /**/
#define HAVE_BOOST_REGEX /**/
#define HAVE_BOOST_SYSTEM /**/
#define HAVE_BOOST_UNIT_TEST_FRAMEWORK /**/
#define STDC_HEADERS 1
#define HAVE_SYS_TYPES_H 1
#define HAVE_SYS_STAT_H 1
#define HAVE_STDLIB_H 1
#define HAVE_STRING_H 1
#define HAVE_MEMORY_H 1
#define HAVE_STRINGS_H 1
#define HAVE_INTTYPES_H 1
#define HAVE_STDINT_H 1
#define HAVE_UNISTD_H 1
#define HAVE_SYS_IOCTL_H 1
#define HAVE_TERMIOS_H 1
#define HAVE_LIBCONFIG_H 1
#define HAVE_FORK 1
#define HAVE_VFORK 1
#define HAVE_WORKING_VFORK 1
#define HAVE_WORKING_FORK 1
#define HAVE_DUP2 1
#define HAVE_SOCKET 1
#define HAVE_STRCHR 1
#define HAVE_STRERROR 1

configure: exit 0

## ---------------------- ##
## Running config.status. ##
## ---------------------- ##

This file was extended by kmad config.status 1.06.04, which was
generated by GNU Autoconf 2.69.  Invocation command line was

  CONFIG_FILES    = 
  CONFIG_HEADERS  = 
  CONFIG_LINKS    = 
  CONFIG_COMMANDS = 
  $ ./config.status 

on fatguy

config.status:891: creating Makefile
config.status:891: creating config.h
config.status:1072: config.h is unchanged
config.status:1120: executing depfiles commands

## ---------------------- ##
## Running config.status. ##
## ---------------------- ##

This file was extended by kmad config.status 1.06.04, which was
generated by GNU Autoconf 2.69.  Invocation command line was

  CONFIG_FILES    = 
  CONFIG_HEADERS  = 
  CONFIG_LINKS    = 
  CONFIG_COMMANDS = 
  $ ./config.status config.h

on fatguy

config.status:891: creating config.h
config.status:1072: config.h is unchanged
